<?xml version="1.0" encoding="UTF-8"?>
<testng-results ignored="0" total="1" passed="1" failed="0" skipped="0">
  <reporter-output>
  </reporter-output>
  <suite started-at="2025-11-01T21:07:09 IST" name="Default suite" finished-at="2025-11-01T21:07:32 IST" duration-ms="23328">
    <groups>
    </groups>
    <test started-at="2025-11-01T21:07:09 IST" name="Default test" finished-at="2025-11-01T21:07:32 IST" duration-ms="23328">
      <class name="sample.Interview2">
        <test-method signature="first()[pri:0, instance:sample.Interview2@26794848]" started-at="2025-11-01T21:07:09 IST" name="first" finished-at="2025-11-01T21:07:32 IST" duration-ms="23225" status="PASS">
          <reporter-output>
          </reporter-output>
        </test-method> <!-- first -->
      </class> <!-- sample.Interview2 -->
    </test> <!-- Default test -->
  </suite> <!-- Default suite -->
</testng-results>
